build/outputs/logs/manifest-merger-debug-report.txt
-- Merging decision tree log ---
manifest
ADDED from src\main\AndroidManifest.xml:1:1-481:12
	package
		ADDED from src\main\AndroidManifest.xml:2:5-37
		INJECTED from src\main\AndroidManifest.xml
		INJECTED from src\main\AndroidManifest.xml
	android:versionName
		ADDED from src\main\AndroidManifest.xml:4:5-35
	android:versionCode
		ADDED from src\main\AndroidManifest.xml:3:5-29
		INJECTED from src\main\AndroidManifest.xml
		INJECTED from src\main\AndroidManifest.xml
	xmlns:android
		ADDED from src\main\AndroidManifest.xml:1:11-69
uses-sdk
ADDED from src\main\AndroidManifest.xml:6:5-8:41
MERGED from [com.android.support:multidex:1.0.1] AndroidManifest.xml:18:5-42
MERGED from [Studio:mDOpenCV:unspecified] AndroidManifest.xml:7:5-9:40
MERGED from [Studio:honeywell:unspecified] AndroidManifest.xml:7:5-9:41
MERGED from [Studio:stickyListHeaders:unspecified] AndroidManifest.xml:7:5-9:41
MERGED from [Studio:gridHeaderLibrary:unspecified] AndroidManifest.xml:7:5-9:41
MERGED from [Studio:dragSortLibrary:unspecified] AndroidManifest.xml:7:5-9:40
MERGED from [com.android.support:support-v4:23.0.0] AndroidManifest.xml:20:5-43
MERGED from [Studio:nostraLoader:unspecified] AndroidManifest.xml:7:5-9:41
MERGED from [Studio:viewPagerIndicator:unspecified] AndroidManifest.xml:7:5-9:40
MERGED from [com.android.support:support-v4:23.0.0] AndroidManifest.xml:20:5-43
MERGED from [com.android.support:support-v4:23.0.0] AndroidManifest.xml:20:5-43
MERGED from [com.android.support:multidex:1.0.1] AndroidManifest.xml:18:5-42
	android:targetSdkVersion
		ADDED from src\main\AndroidManifest.xml:8:9-38
		INJECTED from src\main\AndroidManifest.xml
		INJECTED from src\main\AndroidManifest.xml
	android:minSdkVersion
		ADDED from src\main\AndroidManifest.xml:7:9-35
		INJECTED from src\main\AndroidManifest.xml
		INJECTED from src\main\AndroidManifest.xml
uses-permission#android.permission.INTERNET
ADDED from src\main\AndroidManifest.xml:10:5-67
	android:name
		ADDED from src\main\AndroidManifest.xml:10:22-64
uses-permission#android.permission.WRITE_EXTERNAL_STORAGE
ADDED from src\main\AndroidManifest.xml:11:5-81
	android:name
		ADDED from src\main\AndroidManifest.xml:11:22-78
uses-permission#android.permission.BLUETOOTH_ADMIN
ADDED from src\main\AndroidManifest.xml:12:5-74
	android:name
		ADDED from src\main\AndroidManifest.xml:12:22-71
uses-permission#android.permission.BLUETOOTH
ADDED from src\main\AndroidManifest.xml:13:5-68
	android:name
		ADDED from src\main\AndroidManifest.xml:13:22-65
uses-permission#android.permission.ACCESS_NETWORK_STATE
ADDED from src\main\AndroidManifest.xml:14:5-79
	android:name
		ADDED from src\main\AndroidManifest.xml:14:22-76
uses-permission#android.permission.ACCESS_WIFI_STATE
ADDED from src\main\AndroidManifest.xml:15:5-76
	android:name
		ADDED from src\main\AndroidManifest.xml:15:22-73
uses-permission#android.permission.ACCESS_FINE_LOCATION
ADDED from src\main\AndroidManifest.xml:16:5-79
	android:name
		ADDED from src\main\AndroidManifest.xml:16:22-76
uses-permission#android.permission.ACCESS_COARSE_LOCATION
ADDED from src\main\AndroidManifest.xml:17:5-81
	android:name
		ADDED from src\main\AndroidManifest.xml:17:22-78
uses-permission#android.permission.VIBRATE
ADDED from src\main\AndroidManifest.xml:18:5-66
MERGED from [Studio:honeywell:unspecified] AndroidManifest.xml:11:5-66
	android:name
		ADDED from src\main\AndroidManifest.xml:18:22-63
uses-permission#android.permission.RECORD_AUDIO
ADDED from src\main\AndroidManifest.xml:19:5-71
	android:name
		ADDED from src\main\AndroidManifest.xml:19:22-68
uses-permission#android.permission.MODIFY_AUDIO_SETTINGS
ADDED from src\main\AndroidManifest.xml:20:5-80
	android:name
		ADDED from src\main\AndroidManifest.xml:20:22-77
uses-permission#android.permission.READ_PHONE_STATE
ADDED from src\main\AndroidManifest.xml:21:5-75
	android:name
		ADDED from src\main\AndroidManifest.xml:21:22-72
uses-permission#android.permission.MOUNT_UNMOUNT_FILESYSTEMS
ADDED from src\main\AndroidManifest.xml:22:5-84
	android:name
		ADDED from src\main\AndroidManifest.xml:22:22-81
uses-permission#android.permission.CAMERA
ADDED from src\main\AndroidManifest.xml:23:5-65
	android:name
		ADDED from src\main\AndroidManifest.xml:23:22-62
uses-permission#android.permission.NFC
ADDED from src\main\AndroidManifest.xml:24:5-62
	android:name
		ADDED from src\main\AndroidManifest.xml:24:22-59
uses-feature#android.hardware.camera.autofocus
ADDED from src\main\AndroidManifest.xml:26:5-28:36
	android:required
		ADDED from src\main\AndroidManifest.xml:28:9-33
	android:name
		ADDED from src\main\AndroidManifest.xml:27:9-57
uses-feature#android.hardware.camera.front
ADDED from src\main\AndroidManifest.xml:29:5-31:36
	android:required
		ADDED from src\main\AndroidManifest.xml:31:9-33
	android:name
		ADDED from src\main\AndroidManifest.xml:30:9-53
uses-feature#android.hardware.camera.front.autofocus
ADDED from src\main\AndroidManifest.xml:32:5-34:36
	android:required
		ADDED from src\main\AndroidManifest.xml:34:9-33
	android:name
		ADDED from src\main\AndroidManifest.xml:33:9-63
uses-permission#android.permission.BROADCAST_STICKY
ADDED from src\main\AndroidManifest.xml:36:5-75
	android:name
		ADDED from src\main\AndroidManifest.xml:36:22-72
uses-feature#android.hardware.usb.accessory
ADDED from src\main\AndroidManifest.xml:38:5-40:35
	android:required
		ADDED from src\main\AndroidManifest.xml:40:9-32
	android:name
		ADDED from src\main\AndroidManifest.xml:39:9-54
application
ADDED from src\main\AndroidManifest.xml:42:5-479:19
MERGED from [Studio:honeywell:unspecified] AndroidManifest.xml:13:5-16:19
MERGED from [com.android.support:support-v4:23.0.0] AndroidManifest.xml:22:5-20
MERGED from [com.android.support:support-v4:23.0.0] AndroidManifest.xml:22:5-20
MERGED from [com.android.support:support-v4:23.0.0] AndroidManifest.xml:22:5-20
	android:label
		ADDED from src\main\AndroidManifest.xml:45:9-41
	android:icon
		ADDED from src\main\AndroidManifest.xml:44:9-46
	android:theme
		ADDED from src\main\AndroidManifest.xml:46:9-40
	android:name
		ADDED from src\main\AndroidManifest.xml:43:9-50
meta-data#android.nfc.disable_beam_default
ADDED from src\main\AndroidManifest.xml:47:9-49:36
	android:value
		ADDED from src\main\AndroidManifest.xml:49:13-33
	android:name
		ADDED from src\main\AndroidManifest.xml:48:13-60
activity#com.android.emobilepos.initialization.SelectAccount_FA
ADDED from src\main\AndroidManifest.xml:51:9-61:20
	android:label
		ADDED from src\main\AndroidManifest.xml:54:13-61
	android:windowSoftInputMode
		ADDED from src\main\AndroidManifest.xml:55:13-60
	android:configChanges
		ADDED from src\main\AndroidManifest.xml:53:13-59
	android:name
		ADDED from src\main\AndroidManifest.xml:52:13-82
intent-filter#android.intent.action.MAIN+android.intent.category.LAUNCHER
ADDED from src\main\AndroidManifest.xml:56:13-60:29
action#android.intent.action.MAIN
ADDED from src\main\AndroidManifest.xml:57:17-69
	android:name
		ADDED from src\main\AndroidManifest.xml:57:25-66
category#android.intent.category.LAUNCHER
ADDED from src\main\AndroidManifest.xml:59:17-77
	android:name
		ADDED from src\main\AndroidManifest.xml:59:27-74
activity#com.android.emobilepos.mainmenu.MainMenu_FA
ADDED from src\main\AndroidManifest.xml:62:9-83:20
	android:windowSoftInputMode
		ADDED from src\main\AndroidManifest.xml:65:13-60
	android:configChanges
		ADDED from src\main\AndroidManifest.xml:64:13-59
	android:name
		ADDED from src\main\AndroidManifest.xml:63:13-71
intent-filter#android.hardware.usb.action.USB_ACCESSORY_ATTACHED+android.intent.category.DEFAULT
ADDED from src\main\AndroidManifest.xml:66:13-70:29
action#android.hardware.usb.action.USB_ACCESSORY_ATTACHED
ADDED from src\main\AndroidManifest.xml:67:17-93
	android:name
		ADDED from src\main\AndroidManifest.xml:67:25-90
category#android.intent.category.DEFAULT
ADDED from src\main\AndroidManifest.xml:69:17-76
	android:name
		ADDED from src\main\AndroidManifest.xml:69:27-73
meta-data#android.hardware.usb.action.USB_ACCESSORY_ATTACHED
ADDED from src\main\AndroidManifest.xml:72:13-74:60
	android:resource
		ADDED from src\main\AndroidManifest.xml:74:17-57
	android:name
		ADDED from src\main\AndroidManifest.xml:73:17-82
intent-filter#android.hardware.usb.action.USB_DEVICE_ATTACHED
ADDED from src\main\AndroidManifest.xml:76:13-78:29
action#android.hardware.usb.action.USB_DEVICE_ATTACHED
ADDED from src\main\AndroidManifest.xml:77:17-90
	android:name
		ADDED from src\main\AndroidManifest.xml:77:25-87
meta-data#android.hardware.usb.action.USB_DEVICE_ATTACHED
ADDED from src\main\AndroidManifest.xml:80:13-82:57
	android:resource
		ADDED from src\main\AndroidManifest.xml:82:17-54
	android:name
		ADDED from src\main\AndroidManifest.xml:81:17-79
activity#com.android.emobilepos.initialization.SelectEmployee_FA
ADDED from src\main\AndroidManifest.xml:84:9-89:20
	android:exported
		ADDED from src\main\AndroidManifest.xml:87:13-37
	android:windowSoftInputMode
		ADDED from src\main\AndroidManifest.xml:88:13-60
	android:configChanges
		ADDED from src\main\AndroidManifest.xml:86:13-59
	android:name
		ADDED from src\main\AndroidManifest.xml:85:13-83
activity#com.android.emobilepos.initialization.SelectPassword_FA
ADDED from src\main\AndroidManifest.xml:90:9-95:20
	android:exported
		ADDED from src\main\AndroidManifest.xml:93:13-37
	android:windowSoftInputMode
		ADDED from src\main\AndroidManifest.xml:94:13-60
	android:configChanges
		ADDED from src\main\AndroidManifest.xml:92:13-59
	android:name
		ADDED from src\main\AndroidManifest.xml:91:13-83
activity#com.android.emobilepos.history.HistoryTransactions_FA
ADDED from src\main\AndroidManifest.xml:96:9-100:20
	android:exported
		ADDED from src\main\AndroidManifest.xml:99:13-37
	android:configChanges
		ADDED from src\main\AndroidManifest.xml:98:13-59
	android:name
		ADDED from src\main\AndroidManifest.xml:97:13-81
activity#com.android.emobilepos.history.HistoryPayments_FA
ADDED from src\main\AndroidManifest.xml:101:9-105:20
	android:exported
		ADDED from src\main\AndroidManifest.xml:104:13-37
	android:configChanges
		ADDED from src\main\AndroidManifest.xml:103:13-59
	android:name
		ADDED from src\main\AndroidManifest.xml:102:13-77
activity#com.android.emobilepos.history.HistoryOpenInvoices_FA
ADDED from src\main\AndroidManifest.xml:106:9-111:20
	android:exported
		ADDED from src\main\AndroidManifest.xml:109:13-37
	android:windowSoftInputMode
		ADDED from src\main\AndroidManifest.xml:110:13-60
	android:configChanges
		ADDED from src\main\AndroidManifest.xml:108:13-59
	android:name
		ADDED from src\main\AndroidManifest.xml:107:13-81
activity#com.android.emobilepos.history.HistoryConsignment_FA
ADDED from src\main\AndroidManifest.xml:112:9-117:20
	android:exported
		ADDED from src\main\AndroidManifest.xml:115:13-37
	android:windowSoftInputMode
		ADDED from src\main\AndroidManifest.xml:116:13-60
	android:configChanges
		ADDED from src\main\AndroidManifest.xml:114:13-59
	android:name
		ADDED from src\main\AndroidManifest.xml:113:13-80
activity#com.android.emobilepos.history.HistoryGiftRewardLoyalty_FA
ADDED from src\main\AndroidManifest.xml:118:9-123:20
	android:exported
		ADDED from src\main\AndroidManifest.xml:121:13-37
	android:windowSoftInputMode
		ADDED from src\main\AndroidManifest.xml:122:13-60
	android:configChanges
		ADDED from src\main\AndroidManifest.xml:120:13-59
	android:name
		ADDED from src\main\AndroidManifest.xml:119:13-86
activity#com.android.emobilepos.history.HistoryInventoryTransfer_FA
ADDED from src\main\AndroidManifest.xml:124:9-129:20
	android:exported
		ADDED from src\main\AndroidManifest.xml:127:13-37
	android:windowSoftInputMode
		ADDED from src\main\AndroidManifest.xml:128:13-60
	android:configChanges
		ADDED from src\main\AndroidManifest.xml:126:13-59
	android:name
		ADDED from src\main\AndroidManifest.xml:125:13-86
activity#com.android.emobilepos.history.details.HistoryTransactionDetails_FA
ADDED from src\main\AndroidManifest.xml:130:9-134:20
	android:exported
		ADDED from src\main\AndroidManifest.xml:133:13-37
	android:configChanges
		ADDED from src\main\AndroidManifest.xml:132:13-59
	android:name
		ADDED from src\main\AndroidManifest.xml:131:13-95
activity#com.android.emobilepos.history.details.HistoryOpenInvoicesDetails_FA
ADDED from src\main\AndroidManifest.xml:135:9-139:20
	android:exported
		ADDED from src\main\AndroidManifest.xml:138:13-37
	android:configChanges
		ADDED from src\main\AndroidManifest.xml:137:13-59
	android:name
		ADDED from src\main\AndroidManifest.xml:136:13-96
activity#com.android.emobilepos.history.details.HistoryConsignmentDetails_FA
ADDED from src\main\AndroidManifest.xml:140:9-144:20
	android:exported
		ADDED from src\main\AndroidManifest.xml:143:13-37
	android:configChanges
		ADDED from src\main\AndroidManifest.xml:142:13-59
	android:name
		ADDED from src\main\AndroidManifest.xml:141:13-95
activity#com.android.emobilepos.history.details.HistoryPaymentDetails_FA
ADDED from src\main\AndroidManifest.xml:145:9-149:20
	android:exported
		ADDED from src\main\AndroidManifest.xml:148:13-37
	android:configChanges
		ADDED from src\main\AndroidManifest.xml:147:13-59
	android:name
		ADDED from src\main\AndroidManifest.xml:146:13-91
activity#com.android.emobilepos.history.details.HistoryInventoryTransferDetails_FA
ADDED from src\main\AndroidManifest.xml:150:9-154:20
	android:exported
		ADDED from src\main\AndroidManifest.xml:153:13-37
	android:configChanges
		ADDED from src\main\AndroidManifest.xml:152:13-59
	android:name
		ADDED from src\main\AndroidManifest.xml:151:13-101
activity#com.android.emobilepos.OrderDetailsActivity
ADDED from src\main\AndroidManifest.xml:155:9-159:20
	android:exported
		ADDED from src\main\AndroidManifest.xml:158:13-37
	android:configChanges
		ADDED from src\main\AndroidManifest.xml:157:13-59
	android:name
		ADDED from src\main\AndroidManifest.xml:156:13-71
activity#com.android.emobilepos.payment.SelectPayMethod_FA
ADDED from src\main\AndroidManifest.xml:160:9-165:20
	android:launchMode
		ADDED from src\main\AndroidManifest.xml:164:13-43
	android:exported
		ADDED from src\main\AndroidManifest.xml:163:13-37
	android:configChanges
		ADDED from src\main\AndroidManifest.xml:162:13-59
	android:name
		ADDED from src\main\AndroidManifest.xml:161:13-77
activity#com.android.emobilepos.payment.ProcessCreditCard_FA
ADDED from src\main\AndroidManifest.xml:166:9-177:20
	android:launchMode
		ADDED from src\main\AndroidManifest.xml:169:13-43
	android:windowSoftInputMode
		ADDED from src\main\AndroidManifest.xml:171:13-67
	android:configChanges
		ADDED from src\main\AndroidManifest.xml:168:13-59
	android:theme
		ADDED from src\main\AndroidManifest.xml:170:13-46
	android:name
		ADDED from src\main\AndroidManifest.xml:167:13-79
intent-filter#android.intent.category.DEFAULT+com.android.emobilepos.RECVR3
ADDED from src\main\AndroidManifest.xml:172:13-176:29
action#com.android.emobilepos.RECVR3
ADDED from src\main\AndroidManifest.xml:173:17-72
	android:name
		ADDED from src\main\AndroidManifest.xml:173:25-69
activity#com.android.emobilepos.payment.ProcessGiftCard_FA
ADDED from src\main\AndroidManifest.xml:178:9-189:20
	android:launchMode
		ADDED from src\main\AndroidManifest.xml:181:13-43
	android:windowSoftInputMode
		ADDED from src\main\AndroidManifest.xml:183:13-67
	android:configChanges
		ADDED from src\main\AndroidManifest.xml:180:13-59
	android:theme
		ADDED from src\main\AndroidManifest.xml:182:13-46
	android:name
		ADDED from src\main\AndroidManifest.xml:179:13-77
intent-filter#android.intent.category.DEFAULT+com.android.emobilepos.RECVR2
ADDED from src\main\AndroidManifest.xml:184:13-188:29
action#com.android.emobilepos.RECVR2
ADDED from src\main\AndroidManifest.xml:185:17-72
	android:name
		ADDED from src\main\AndroidManifest.xml:185:25-69
activity#com.android.emobilepos.payment.ProcessCash_FA
ADDED from src\main\AndroidManifest.xml:190:9-196:20
	android:exported
		ADDED from src\main\AndroidManifest.xml:193:13-37
	android:windowSoftInputMode
		ADDED from src\main\AndroidManifest.xml:195:13-55
	android:configChanges
		ADDED from src\main\AndroidManifest.xml:192:13-59
	android:theme
		ADDED from src\main\AndroidManifest.xml:194:13-46
	android:name
		ADDED from src\main\AndroidManifest.xml:191:13-73
activity#com.android.emobilepos.payment.ProcessCheck_FA
ADDED from src\main\AndroidManifest.xml:197:9-203:20
	android:exported
		ADDED from src\main\AndroidManifest.xml:200:13-37
	android:windowSoftInputMode
		ADDED from src\main\AndroidManifest.xml:202:13-54
	android:configChanges
		ADDED from src\main\AndroidManifest.xml:199:13-59
	android:theme
		ADDED from src\main\AndroidManifest.xml:201:13-46
	android:name
		ADDED from src\main\AndroidManifest.xml:198:13-74
activity#com.android.emobilepos.payment.CaptureCheck_FA
ADDED from src\main\AndroidManifest.xml:204:9-209:20
	android:windowSoftInputMode
		ADDED from src\main\AndroidManifest.xml:208:13-54
	android:configChanges
		ADDED from src\main\AndroidManifest.xml:206:13-59
	android:theme
		ADDED from src\main\AndroidManifest.xml:207:13-46
	android:name
		ADDED from src\main\AndroidManifest.xml:205:13-74
activity#com.android.emobilepos.payment.ProcessGenius_FA
ADDED from src\main\AndroidManifest.xml:210:9-215:20
	android:exported
		ADDED from src\main\AndroidManifest.xml:213:13-37
	android:windowSoftInputMode
		ADDED from src\main\AndroidManifest.xml:214:13-60
	android:configChanges
		ADDED from src\main\AndroidManifest.xml:212:13-59
	android:name
		ADDED from src\main\AndroidManifest.xml:211:13-75
activity#com.android.emobilepos.payment.TupyxCamera_FA
ADDED from src\main\AndroidManifest.xml:216:9-221:20
	android:exported
		ADDED from src\main\AndroidManifest.xml:219:13-37
	android:windowSoftInputMode
		ADDED from src\main\AndroidManifest.xml:220:13-60
	android:configChanges
		ADDED from src\main\AndroidManifest.xml:218:13-59
	android:name
		ADDED from src\main\AndroidManifest.xml:217:13-73
activity#com.android.emobilepos.payment.ProcessTupyx_FA
ADDED from src\main\AndroidManifest.xml:222:9-239:20
	android:exported
		ADDED from src\main\AndroidManifest.xml:225:13-37
	android:windowSoftInputMode
		ADDED from src\main\AndroidManifest.xml:227:13-60
	android:configChanges
		ADDED from src\main\AndroidManifest.xml:224:13-59
	android:theme
		ADDED from src\main\AndroidManifest.xml:226:13-46
	android:name
		ADDED from src\main\AndroidManifest.xml:223:13-74
intent-filter#android.intent.category.DEFAULT+android.nfc.action.NDEF_DISCOVERED
ADDED from src\main\AndroidManifest.xml:228:13-234:29
action#android.nfc.action.NDEF_DISCOVERED
ADDED from src\main\AndroidManifest.xml:229:17-77
	android:name
		ADDED from src\main\AndroidManifest.xml:229:25-74
data
ADDED from src\main\AndroidManifest.xml:233:17-86
	android:mimeType
		ADDED from src\main\AndroidManifest.xml:233:23-83
activity#com.android.emobilepos.payment.ProcessBoloro_FA
ADDED from src\main\AndroidManifest.xml:240:9-255:20
	android:exported
		ADDED from src\main\AndroidManifest.xml:243:13-37
	android:windowSoftInputMode
		ADDED from src\main\AndroidManifest.xml:245:13-60
	android:configChanges
		ADDED from src\main\AndroidManifest.xml:242:13-59
	android:theme
		ADDED from src\main\AndroidManifest.xml:244:13-46
	android:name
		ADDED from src\main\AndroidManifest.xml:241:13-75
intent-filter#android.intent.category.DEFAULT+android.nfc.action.TAG_DISCOVERED
ADDED from src\main\AndroidManifest.xml:246:13-250:29
action#android.nfc.action.TAG_DISCOVERED
ADDED from src\main\AndroidManifest.xml:247:17-76
	android:name
		ADDED from src\main\AndroidManifest.xml:247:25-73
activity#com.android.emobilepos.OnHoldActivity
ADDED from src\main\AndroidManifest.xml:256:9-261:20
	android:exported
		ADDED from src\main\AndroidManifest.xml:259:13-37
	android:windowSoftInputMode
		ADDED from src\main\AndroidManifest.xml:260:13-54
	android:configChanges
		ADDED from src\main\AndroidManifest.xml:258:13-59
	android:name
		ADDED from src\main\AndroidManifest.xml:257:13-65
activity#com.android.emobilepos.customer.ViewCustomers_FA
ADDED from src\main\AndroidManifest.xml:262:9-267:20
	android:exported
		ADDED from src\main\AndroidManifest.xml:265:13-37
	android:windowSoftInputMode
		ADDED from src\main\AndroidManifest.xml:266:13-54
	android:configChanges
		ADDED from src\main\AndroidManifest.xml:264:13-59
	android:name
		ADDED from src\main\AndroidManifest.xml:263:13-76
activity#com.android.emobilepos.customer.CreateCustomer_FA
ADDED from src\main\AndroidManifest.xml:268:9-274:20
	android:exported
		ADDED from src\main\AndroidManifest.xml:271:13-37
	android:windowSoftInputMode
		ADDED from src\main\AndroidManifest.xml:273:13-67
	android:configChanges
		ADDED from src\main\AndroidManifest.xml:270:13-59
	android:theme
		ADDED from src\main\AndroidManifest.xml:272:13-46
	android:name
		ADDED from src\main\AndroidManifest.xml:269:13-77
activity#com.android.emobilepos.customer.ViewCustomerDetails_FA
ADDED from src\main\AndroidManifest.xml:275:9-278:20
	android:exported
		ADDED from src\main\AndroidManifest.xml:277:13-37
	android:name
		ADDED from src\main\AndroidManifest.xml:276:13-82
activity#com.android.emobilepos.ShowProductImageActivity
ADDED from src\main\AndroidManifest.xml:280:9-284:20
	android:exported
		ADDED from src\main\AndroidManifest.xml:283:13-37
	android:configChanges
		ADDED from src\main\AndroidManifest.xml:282:13-59
	android:name
		ADDED from src\main\AndroidManifest.xml:281:13-53
activity#com.android.emobilepos.DrawReceiptActivity
ADDED from src\main\AndroidManifest.xml:285:9-290:20
	android:screenOrientation
		ADDED from src\main\AndroidManifest.xml:289:13-50
	android:exported
		ADDED from src\main\AndroidManifest.xml:288:13-37
	android:configChanges
		ADDED from src\main\AndroidManifest.xml:287:13-59
	android:name
		ADDED from src\main\AndroidManifest.xml:286:13-70
activity#com.android.emobilepos.ordering.ViewProductDetails_FA
ADDED from src\main\AndroidManifest.xml:291:9-295:20
	android:exported
		ADDED from src\main\AndroidManifest.xml:294:13-37
	android:configChanges
		ADDED from src\main\AndroidManifest.xml:293:13-59
	android:name
		ADDED from src\main\AndroidManifest.xml:292:13-81
activity#com.android.emobilepos.ordering.PickerProduct_FA
ADDED from src\main\AndroidManifest.xml:296:9-301:20
	android:exported
		ADDED from src\main\AndroidManifest.xml:299:13-37
	android:configChanges
		ADDED from src\main\AndroidManifest.xml:298:13-59
	android:theme
		ADDED from src\main\AndroidManifest.xml:300:13-57
	android:name
		ADDED from src\main\AndroidManifest.xml:297:13-76
activity#com.android.emobilepos.ordering.PickerAddon_FA
ADDED from src\main\AndroidManifest.xml:302:9-306:20
	android:exported
		ADDED from src\main\AndroidManifest.xml:304:13-37
	android:theme
		ADDED from src\main\AndroidManifest.xml:305:13-57
	android:name
		ADDED from src\main\AndroidManifest.xml:303:13-74
activity#com.android.emobilepos.ordering.OrderingMain_FA
ADDED from src\main\AndroidManifest.xml:307:9-316:20
	android:launchMode
		ADDED from src\main\AndroidManifest.xml:309:13-43
	android:windowSoftInputMode
		ADDED from src\main\AndroidManifest.xml:310:13-60
	android:name
		ADDED from src\main\AndroidManifest.xml:308:13-75
intent-filter#android.intent.category.DEFAULT+com.android.emobilepos.RECVR
ADDED from src\main\AndroidManifest.xml:311:13-315:29
action#com.android.emobilepos.RECVR
ADDED from src\main\AndroidManifest.xml:312:17-71
	android:name
		ADDED from src\main\AndroidManifest.xml:312:25-68
activity#com.android.emobilepos.ordering.OrderAttributes_FA
ADDED from src\main\AndroidManifest.xml:322:9-326:20
	android:exported
		ADDED from src\main\AndroidManifest.xml:325:13-37
	android:configChanges
		ADDED from src\main\AndroidManifest.xml:324:13-59
	android:name
		ADDED from src\main\AndroidManifest.xml:323:13-78
activity#com.android.emobilepos.ordering.OrderAttrEdit_FA
ADDED from src\main\AndroidManifest.xml:327:9-338:20
	android:launchMode
		ADDED from src\main\AndroidManifest.xml:330:13-43
	android:windowSoftInputMode
		ADDED from src\main\AndroidManifest.xml:332:13-67
	android:configChanges
		ADDED from src\main\AndroidManifest.xml:329:13-59
	android:theme
		ADDED from src\main\AndroidManifest.xml:331:13-57
	android:name
		ADDED from src\main\AndroidManifest.xml:328:13-76
intent-filter#android.intent.category.DEFAULT+com.android.emobilepos.RECVR4
ADDED from src\main\AndroidManifest.xml:333:13-337:29
action#com.android.emobilepos.RECVR4
ADDED from src\main\AndroidManifest.xml:334:17-72
	android:name
		ADDED from src\main\AndroidManifest.xml:334:25-69
activity#com.android.emobilepos.consignment.ConsignmentMain_FA
ADDED from src\main\AndroidManifest.xml:339:9-343:20
	android:exported
		ADDED from src\main\AndroidManifest.xml:342:13-37
	android:configChanges
		ADDED from src\main\AndroidManifest.xml:341:13-59
	android:name
		ADDED from src\main\AndroidManifest.xml:340:13-81
activity#com.android.emobilepos.consignment.ConsignmentCheckout_FA
ADDED from src\main\AndroidManifest.xml:344:9-348:20
	android:exported
		ADDED from src\main\AndroidManifest.xml:347:13-37
	android:configChanges
		ADDED from src\main\AndroidManifest.xml:346:13-59
	android:name
		ADDED from src\main\AndroidManifest.xml:345:13-85
activity#com.android.emobilepos.consignment.ConsignmentHistory_FA
ADDED from src\main\AndroidManifest.xml:349:9-353:20
	android:exported
		ADDED from src\main\AndroidManifest.xml:352:13-37
	android:configChanges
		ADDED from src\main\AndroidManifest.xml:351:13-59
	android:name
		ADDED from src\main\AndroidManifest.xml:350:13-84
activity#com.android.emobilepos.report.ViewReport_FA
ADDED from src\main\AndroidManifest.xml:354:9-358:20
	android:exported
		ADDED from src\main\AndroidManifest.xml:357:13-37
	android:configChanges
		ADDED from src\main\AndroidManifest.xml:356:13-59
	android:name
		ADDED from src\main\AndroidManifest.xml:355:13-71
activity#com.android.emobilepos.report.ViewEndOfDayReport_FA
ADDED from src\main\AndroidManifest.xml:359:9-363:20
	android:exported
		ADDED from src\main\AndroidManifest.xml:362:13-37
	android:configChanges
		ADDED from src\main\AndroidManifest.xml:361:13-59
	android:name
		ADDED from src\main\AndroidManifest.xml:360:13-79
activity#com.android.emobilepos.shifts.ClockInOut_FA
ADDED from src\main\AndroidManifest.xml:364:9-368:20
	android:exported
		ADDED from src\main\AndroidManifest.xml:367:13-37
	android:configChanges
		ADDED from src\main\AndroidManifest.xml:366:13-59
	android:name
		ADDED from src\main\AndroidManifest.xml:365:13-71
activity#com.android.emobilepos.shifts.OpenShift_FA
ADDED from src\main\AndroidManifest.xml:369:9-375:20
	android:exported
		ADDED from src\main\AndroidManifest.xml:372:13-37
	android:windowSoftInputMode
		ADDED from src\main\AndroidManifest.xml:374:13-60
	android:configChanges
		ADDED from src\main\AndroidManifest.xml:371:13-59
	android:theme
		ADDED from src\main\AndroidManifest.xml:373:13-57
	android:name
		ADDED from src\main\AndroidManifest.xml:370:13-70
activity#com.android.emobilepos.shifts.ShiftReportDetails_FA
ADDED from src\main\AndroidManifest.xml:376:9-380:20
	android:exported
		ADDED from src\main\AndroidManifest.xml:379:13-37
	android:configChanges
		ADDED from src\main\AndroidManifest.xml:378:13-59
	android:name
		ADDED from src\main\AndroidManifest.xml:377:13-79
activity#com.android.emobilepos.settings.SettingsManager_FA
ADDED from src\main\AndroidManifest.xml:385:9-408:20
	android:exported
		ADDED from src\main\AndroidManifest.xml:388:13-37
	android:configChanges
		ADDED from src\main\AndroidManifest.xml:387:13-59
	android:theme
		ADDED from src\main\AndroidManifest.xml:389:13-46
	android:name
		ADDED from src\main\AndroidManifest.xml:386:13-78
activity#com.android.emobilepos.settings.ViewStoreForwardTrans_FA
ADDED from src\main\AndroidManifest.xml:409:9-413:20
	android:exported
		ADDED from src\main\AndroidManifest.xml:412:13-37
	android:configChanges
		ADDED from src\main\AndroidManifest.xml:411:13-59
	android:name
		ADDED from src\main\AndroidManifest.xml:410:13-84
activity#com.android.emobilepos.cardmanager.GiftCard_FA
ADDED from src\main\AndroidManifest.xml:414:9-417:20
	android:exported
		ADDED from src\main\AndroidManifest.xml:416:13-37
	android:name
		ADDED from src\main\AndroidManifest.xml:415:13-74
activity#com.android.emobilepos.cardmanager.LoyaltyCard_FA
ADDED from src\main\AndroidManifest.xml:418:9-421:20
	android:exported
		ADDED from src\main\AndroidManifest.xml:420:13-37
	android:name
		ADDED from src\main\AndroidManifest.xml:419:13-77
activity#com.android.emobilepos.cardmanager.RewardCard_FA
ADDED from src\main\AndroidManifest.xml:422:9-425:20
	android:exported
		ADDED from src\main\AndroidManifest.xml:424:13-37
	android:name
		ADDED from src\main\AndroidManifest.xml:423:13-76
activity#com.android.emobilepos.cardmanager.CardManager_FA
ADDED from src\main\AndroidManifest.xml:426:9-436:20
	android:launchMode
		ADDED from src\main\AndroidManifest.xml:428:13-43
	android:windowSoftInputMode
		ADDED from src\main\AndroidManifest.xml:430:13-60
	android:theme
		ADDED from src\main\AndroidManifest.xml:429:13-46
	android:name
		ADDED from src\main\AndroidManifest.xml:427:13-77
intent-filter#android.intent.category.DEFAULT+com.android.emobilepos.RECVR5
ADDED from src\main\AndroidManifest.xml:431:13-435:29
action#com.android.emobilepos.RECVR5
ADDED from src\main\AndroidManifest.xml:432:17-72
	android:name
		ADDED from src\main\AndroidManifest.xml:432:25-69
activity#com.android.emobilepos.cardmanager.ActivateCard_FA
ADDED from src\main\AndroidManifest.xml:437:9-443:20
	android:launchMode
		ADDED from src\main\AndroidManifest.xml:440:13-43
	android:exported
		ADDED from src\main\AndroidManifest.xml:439:13-37
	android:windowSoftInputMode
		ADDED from src\main\AndroidManifest.xml:442:13-60
	android:theme
		ADDED from src\main\AndroidManifest.xml:441:13-46
	android:name
		ADDED from src\main\AndroidManifest.xml:438:13-78
activity#com.android.emobilepos.cardmanager.AddBalance_FA
ADDED from src\main\AndroidManifest.xml:444:9-450:20
	android:launchMode